#
# There is insufficient memory for the Java Runtime Environment to continue.
# Native memory allocation (mmap) failed to map 65536 bytes for Failed to commit metaspace.
# Possible reasons:
#   The system is out of physical RAM or swap space
#   The process is running with CompressedOops enabled, and the Java Heap may be blocking the growth of the native heap
# Possible solutions:
#   Reduce memory load on the system
#   Increase physical memory or swap space
#   Check if swap backing store is full
#   Decrease Java heap size (-Xmx/-Xms)
#   Decrease number of Java threads
#   Decrease Java thread stack sizes (-Xss)
#   Set larger code cache with -XX:ReservedCodeCacheSize=
#   JVM is running with Unscaled Compressed Oops mode in which the Java heap is
#     placed in the first 4GB address space. The Java Heap base address is the
#     maximum limit for the native heap growth. Please use -XX:HeapBaseMinAddress
#     to set the Java Heap base and to place the Java Heap above 4GB virtual address.
# This output file may be truncated or incomplete.
#
#  Out of Memory Error (virtualSpaceNode.cpp:110), pid=24120, tid=31844
#
# JRE version: Java(TM) SE Runtime Environment (19.0.1+10) (build 19.0.1+10-21)
# Java VM: Java HotSpot(TM) 64-Bit Server VM (19.0.1+10-21, mixed mode, tiered, compressed oops, compressed class ptrs, g1 gc, windows-amd64)
# No core dump will be written. Minidumps are not enabled by default on client versions of Windows
#

---------------  S U M M A R Y ------------

Command Line: -Dfile.encoding=UTF-8 --module-path=C:\Users\SATYAM KUMAR\AirlinesManagementSystem\build\classes airlinesmanagementsystem.BookFlight

Host: 11th Gen Intel(R) Core(TM) i5-1135G7 @ 2.40GHz, 8 cores, 7G,  Windows 10 , 64 bit Build 19041 (10.0.19041.3636)
Time: Sun May 19 00:46:15 2024 India Standard Time elapsed time: 0.088142 seconds (0d 0h 0m 0s)

---------------  T H R E A D  ---------------

Current thread (0x000001fdffe50c60):  JavaThread "main" [_thread_in_vm, id=31844, stack(0x0000001e99f00000,0x0000001e9a000000)]

Stack: [0x0000001e99f00000,0x0000001e9a000000]
Native frames: (J=compiled Java code, j=interpreted, Vv=VM code, C=native code)
V  [jvm.dll+0x6ee8fa]
V  [jvm.dll+0x857a1e]
V  [jvm.dll+0x85940e]
V  [jvm.dll+0x859ac3]
V  [jvm.dll+0x28291f]
V  [jvm.dll+0x85369b]
V  [jvm.dll+0x693276]
V  [jvm.dll+0x6932da]
V  [jvm.dll+0x695bd3]
V  [jvm.dll+0x695a9e]
V  [jvm.dll+0x693c9e]
V  [jvm.dll+0x69e347]
V  [jvm.dll+0x21df42]
V  [jvm.dll+0x21e475]
V  [jvm.dll+0x21edd1]
V  [jvm.dll+0x214571]
V  [jvm.dll+0x5aa2d6]
V  [jvm.dll+0x22567a]
V  [jvm.dll+0x7ccb72]
V  [jvm.dll+0x7cdfba]
V  [jvm.dll+0x7ce2e8]
V  [jvm.dll+0x271d6b]
V  [jvm.dll+0x271f8f]
V  [jvm.dll+0x5cba38]
V  [jvm.dll+0x5ce997]
V  [jvm.dll+0x3ddf27]
V  [jvm.dll+0x3dd57f]
C  0x000001fd8f3fc9b7

Java frames: (J=compiled Java code, j=interpreted, Vv=VM code)
j  jdk.internal.loader.ClassLoaders.<clinit>()V+6 java.base
v  ~StubRoutines::call_stub 0x000001fd8f3d10e8
j  jdk.internal.loader.BootLoader.loadModule(Ljava/lang/module/ModuleReference;)V+0 java.base
j  jdk.internal.module.ModuleBootstrap.boot2()Ljava/lang/ModuleLayer;+352 java.base
j  jdk.internal.module.ModuleBootstrap.boot()Ljava/lang/ModuleLayer;+64 java.base
j  java.lang.System.initPhase2(ZZ)I+0 java.base
v  ~StubRoutines::call_stub 0x000001fd8f3d10e8

---------------  P R O C E S S  ---------------

Threads class SMR info:
_java_thread_list=0x000001fda2897550, length=10, elements={
0x000001fdffe50c60, 0x000001fda2845550, 0x000001fda2845d50, 0x000001fda285b2f0,
0x000001fda285c840, 0x000001fda285d520, 0x000001fda2862210, 0x000001fda288df90,
0x000001fda2894940, 0x000001fda2896ed0
}

Java Threads: ( => current thread )
=>0x000001fdffe50c60 JavaThread "main" [_thread_in_vm, id=31844, stack(0x0000001e99f00000,0x0000001e9a000000)]
  0x000001fda2845550 JavaThread "Reference Handler" daemon [_thread_blocked, id=1948, stack(0x0000001e9a600000,0x0000001e9a700000)]
  0x000001fda2845d50 JavaThread "Finalizer" daemon [_thread_blocked, id=35452, stack(0x0000001e9a700000,0x0000001e9a800000)]
  0x000001fda285b2f0 JavaThread "Signal Dispatcher" daemon [_thread_blocked, id=28840, stack(0x0000001e9a800000,0x0000001e9a900000)]
  0x000001fda285c840 JavaThread "Attach Listener" daemon [_thread_blocked, id=11724, stack(0x0000001e9a900000,0x0000001e9aa00000)]
  0x000001fda285d520 JavaThread "Service Thread" daemon [_thread_blocked, id=33268, stack(0x0000001e9aa00000,0x0000001e9ab00000)]
  0x000001fda2862210 JavaThread "Monitor Deflation Thread" daemon [_thread_blocked, id=33912, stack(0x0000001e9ab00000,0x0000001e9ac00000)]
  0x000001fda288df90 JavaThread "C2 CompilerThread0" daemon [_thread_blocked, id=27708, stack(0x0000001e9ac00000,0x0000001e9ad00000)]
  0x000001fda2894940 JavaThread "C1 CompilerThread0" daemon [_thread_blocked, id=35032, stack(0x0000001e9ad00000,0x0000001e9ae00000)]
  0x000001fda2896ed0 JavaThread "Sweeper thread" daemon [_thread_blocked, id=6624, stack(0x0000001e9ae00000,0x0000001e9af00000)]

Other Threads:
  0x000001fd9e4fb000 VMThread "VM Thread" [stack: 0x0000001e9a500000,0x0000001e9a600000] [id=34156]
  0x000001fdffeafe60 WorkerThread "GC Thread#0" [stack: 0x0000001e9a000000,0x0000001e9a100000] [id=27652]
  0x000001fdffec01d0 ConcurrentGCThread "G1 Main Marker" [stack: 0x0000001e9a100000,0x0000001e9a200000] [id=32436]
  0x000001fdffec0cb0 WorkerThread "G1 Conc#0" [stack: 0x0000001e9a200000,0x0000001e9a300000] [id=30768]
  0x000001fdfff1eac0 ConcurrentGCThread "G1 Refine#0" [stack: 0x0000001e9a300000,0x0000001e9a400000] [id=23992]
  0x000001fd9e369260 ConcurrentGCThread "G1 Service" [stack: 0x0000001e9a400000,0x0000001e9a500000] [id=30492]

Threads with active compile tasks:

VM state: not at safepoint (normal execution)

VM Mutex/Monitor currently owned by a thread:  ([mutex/lock_event])
[0x000001fdfdd9dfb0] Metaspace_lock - owner thread: 0x000001fdffe50c60

Heap address: 0x0000000085800000, size: 1960 MB, Compressed Oops mode: 32-bit

CDS archive(s) not mapped
Compressed class space mapped at: 0x0000000100000000-0x0000000140000000, reserved size: 1073741824
Narrow klass base: 0x0000000000000000, Narrow klass shift: 3, Narrow klass range: 0x140000000

GC Precious Log:
 CardTable entry size: 512
 Card Set container configuration: InlinePtr #cards 5 size 8 Array Of Cards #cards 12 size 40 Howl #buckets 4 coarsen threshold 1843 Howl Bitmap #cards 512 size 80 coarsen threshold 460 Card regions per heap region 1 cards per card region 2048
 CPUs: 8 total, 8 available
 Memory: 7834M
 Large Page Support: Disabled
 NUMA Support: Disabled
 Compressed Oops: Enabled (32-bit)
 Heap Region Size: 1M
 Heap Min Capacity: 8M
 Heap Initial Capacity: 124M
 Heap Max Capacity: 1960M
 Pre-touch: Disabled
 Parallel Workers: 8
 Concurrent Workers: 2
 Concurrent Refinement Workers: 8
 Periodic GC: Disabled

Heap:
 garbage-first heap   total 126976K, used 0K [0x0000000085800000, 0x0000000100000000)
  region size 1024K, 1 young (1024K), 0 survivors (0K)
 Metaspace       used 3800K, committed 3840K, reserved 1114112K
  class space    used 280K, committed 320K, reserved 1048576K

Heap Regions: E=young(eden), S=young(survivor), O=old, HS=humongous(starts), HC=humongous(continues), CS=collection set, F=free, OA=open archive, CA=closed archive, TAMS=top-at-mark-start (previous, next)
|   0|0x0000000085800000, 0x0000000085800000, 0x0000000085900000|  0%| F|  |TAMS 0x0000000085800000, 0x0000000085800000| Untracked 
|   1|0x0000000085900000, 0x0000000085900000, 0x0000000085a00000|  0%| F|  |TAMS 0x0000000085900000, 0x0000000085900000| Untracked 
|   2|0x0000000085a00000, 0x0000000085a00000, 0x0000000085b00000|  0%| F|  |TAMS 0x0000000085a00000, 0x0000000085a00000| Untracked 
|   3|0x0000000085b00000, 0x0000000085b00000, 0x0000000085c00000|  0%| F|  |TAMS 0x0000000085b00000, 0x0000000085b00000| Untracked 
|   4|0x0000000085c00000, 0x0000000085c00000, 0x0000000085d00000|  0%| F|  |TAMS 0x0000000085c00000, 0x0000000085c00000| Untracked 
|   5|0x0000000085d00000, 0x0000000085d00000, 0x0000000085e00000|  0%| F|  |TAMS 0x0000000085d00000, 0x0000000085d00000| Untracked 
|   6|0x0000000085e00000, 0x0000000085e00000, 0x0000000085f00000|  0%| F|  |TAMS 0x0000000085e00000, 0x0000000085e00000| Untracked 
|   7|0x0000000085f00000, 0x0000000085f00000, 0x0000000086000000|  0%| F|  |TAMS 0x0000000085f00000, 0x0000000085f00000| Untracked 
|   8|0x0000000086000000, 0x0000000086000000, 0x0000000086100000|  0%| F|  |TAMS 0x0000000086000000, 0x0000000086000000| Untracked 
|   9|0x0000000086100000, 0x0000000086100000, 0x0000000086200000|  0%| F|  |TAMS 0x0000000086100000, 0x0000000086100000| Untracked 
|  10|0x0000000086200000, 0x0000000086200000, 0x0000000086300000|  0%| F|  |TAMS 0x0000000086200000, 0x0000000086200000| Untracked 
|  11|0x0000000086300000, 0x0000000086300000, 0x0000000086400000|  0%| F|  |TAMS 0x0000000086300000, 0x0000000086300000| Untracked 
|  12|0x0000000086400000, 0x0000000086400000, 0x0000000086500000|  0%| F|  |TAMS 0x0000000086400000, 0x0000000086400000| Untracked 
|  13|0x0000000086500000, 0x0000000086500000, 0x0000000086600000|  0%| F|  |TAMS 0x0000000086500000, 0x0000000086500000| Untracked 
|  14|0x0000000086600000, 0x0000000086600000, 0x0000000086700000|  0%| F|  |TAMS 0x0000000086600000, 0x0000000086600000| Untracked 
|  15|0x0000000086700000, 0x0000000086700000, 0x0000000086800000|  0%| F|  |TAMS 0x0000000086700000, 0x0000000086700000| Untracked 
|  16|0x0000000086800000, 0x0000000086800000, 0x0000000086900000|  0%| F|  |TAMS 0x0000000086800000, 0x0000000086800000| Untracked 
|  17|0x0000000086900000, 0x0000000086900000, 0x0000000086a00000|  0%| F|  |TAMS 0x0000000086900000, 0x0000000086900000| Untracked 
|  18|0x0000000086a00000, 0x0000000086a00000, 0x0000000086b00000|  0%| F|  |TAMS 0x0000000086a00000, 0x0000000086a00000| Untracked 
|  19|0x0000000086b00000, 0x0000000086b00000, 0x0000000086c00000|  0%| F|  |TAMS 0x0000000086b00000, 0x0000000086b00000| Untracked 
|  20|0x0000000086c00000, 0x0000000086c00000, 0x0000000086d00000|  0%| F|  |TAMS 0x0000000086c00000, 0x0000000086c00000| Untracked 
|  21|0x0000000086d00000, 0x0000000086d00000, 0x0000000086e00000|  0%| F|  |TAMS 0x0000000086d00000, 0x0000000086d00000| Untracked 
|  22|0x0000000086e00000, 0x0000000086e00000, 0x0000000086f00000|  0%| F|  |TAMS 0x0000000086e00000, 0x0000000086e00000| Untracked 
|  23|0x0000000086f00000, 0x0000000086f00000, 0x0000000087000000|  0%| F|  |TAMS 0x0000000086f00000, 0x0000000086f00000| Untracked 
|  24|0x0000000087000000, 0x0000000087000000, 0x0000000087100000|  0%| F|  |TAMS 0x0000000087000000, 0x0000000087000000| Untracked 
|  25|0x0000000087100000, 0x0000000087100000, 0x0000000087200000|  0%| F|  |TAMS 0x0000000087100000, 0x0000000087100000| Untracked 
|  26|0x0000000087200000, 0x0000000087200000, 0x0000000087300000|  0%| F|  |TAMS 0x0000000087200000, 0x0000000087200000| Untracked 
|  27|0x0000000087300000, 0x0000000087300000, 0x0000000087400000|  0%| F|  |TAMS 0x0000000087300000, 0x0000000087300000| Untracked 
|  28|0x0000000087400000, 0x0000000087400000, 0x0000000087500000|  0%| F|  |TAMS 0x0000000087400000, 0x0000000087400000| Untracked 
|  29|0x0000000087500000, 0x0000000087500000, 0x0000000087600000|  0%| F|  |TAMS 0x0000000087500000, 0x0000000087500000| Untracked 
|  30|0x0000000087600000, 0x0000000087600000, 0x0000000087700000|  0%| F|  |TAMS 0x0000000087600000, 0x0000000087600000| Untracked 
|  31|0x0000000087700000, 0x0000000087700000, 0x0000000087800000|  0%| F|  |TAMS 0x0000000087700000, 0x0000000087700000| Untracked 
|  32|0x0000000087800000, 0x0000000087800000, 0x0000000087900000|  0%| F|  |TAMS 0x0000000087800000, 0x0000000087800000| Untracked 
|  33|0x0000000087900000, 0x0000000087900000, 0x0000000087a00000|  0%| F|  |TAMS 0x0000000087900000, 0x0000000087900000| Untracked 
|  34|0x0000000087a00000, 0x0000000087a00000, 0x0000000087b00000|  0%| F|  |TAMS 0x0000000087a00000, 0x0000000087a00000| Untracked 
|  35|0x0000000087b00000, 0x0000000087b00000, 0x0000000087c00000|  0%| F|  |TAMS 0x0000000087b00000, 0x0000000087b00000| Untracked 
|  36|0x0000000087c00000, 0x0000000087c00000, 0x0000000087d00000|  0%| F|  |TAMS 0x0000000087c00000, 0x0000000087c00000| Untracked 
|  37|0x0000000087d00000, 0x0000000087d00000, 0x0000000087e00000|  0%| F|  |TAMS 0x0000000087d00000, 0x0000000087d00000| Untracked 
|  38|0x0000000087e00000, 0x0000000087e00000, 0x0000000087f00000|  0%| F|  |TAMS 0x0000000087e00000, 0x0000000087e00000| Untracked 
|  39|0x0000000087f00000, 0x0000000087f00000, 0x0000000088000000|  0%| F|  |TAMS 0x0000000087f00000, 0x0000000087f00000| Untracked 
|  40|0x0000000088000000, 0x0000000088000000, 0x0000000088100000|  0%| F|  |TAMS 0x0000000088000000, 0x0000000088000000| Untracked 
|  41|0x0000000088100000, 0x0000000088100000, 0x0000000088200000|  0%| F|  |TAMS 0x0000000088100000, 0x0000000088100000| Untracked 
|  42|0x0000000088200000, 0x0000000088200000, 0x0000000088300000|  0%| F|  |TAMS 0x0000000088200000, 0x0000000088200000| Untracked 
|  43|0x0000000088300000, 0x0000000088300000, 0x0000000088400000|  0%| F|  |TAMS 0x0000000088300000, 0x0000000088300000| Untracked 
|  44|0x0000000088400000, 0x0000000088400000, 0x0000000088500000|  0%| F|  |TAMS 0x0000000088400000, 0x0000000088400000| Untracked 
|  45|0x0000000088500000, 0x0000000088500000, 0x0000000088600000|  0%| F|  |TAMS 0x0000000088500000, 0x0000000088500000| Untracked 
|  46|0x0000000088600000, 0x0000000088600000, 0x0000000088700000|  0%| F|  |TAMS 0x0000000088600000, 0x0000000088600000| Untracked 
|  47|0x0000000088700000, 0x0000000088700000, 0x0000000088800000|  0%| F|  |TAMS 0x0000000088700000, 0x0000000088700000| Untracked 
|  48|0x0000000088800000, 0x0000000088800000, 0x0000000088900000|  0%| F|  |TAMS 0x0000000088800000, 0x0000000088800000| Untracked 
|  49|0x0000000088900000, 0x0000000088900000, 0x0000000088a00000|  0%| F|  |TAMS 0x0000000088900000, 0x0000000088900000| Untracked 
|  50|0x0000000088a00000, 0x0000000088a00000, 0x0000000088b00000|  0%| F|  |TAMS 0x0000000088a00000, 0x0000000088a00000| Untracked 
|  51|0x0000000088b00000, 0x0000000088b00000, 0x0000000088c00000|  0%| F|  |TAMS 0x0000000088b00000, 0x0000000088b00000| Untracked 
|  52|0x0000000088c00000, 0x0000000088c00000, 0x0000000088d00000|  0%| F|  |TAMS 0x0000000088c00000, 0x0000000088c00000| Untracked 
|  53|0x0000000088d00000, 0x0000000088d00000, 0x0000000088e00000|  0%| F|  |TAMS 0x0000000088d00000, 0x0000000088d00000| Untracked 
|  54|0x0000000088e00000, 0x0000000088e00000, 0x0000000088f00000|  0%| F|  |TAMS 0x0000000088e00000, 0x0000000088e00000| Untracked 
|  55|0x0000000088f00000, 0x0000000088f00000, 0x0000000089000000|  0%| F|  |TAMS 0x0000000088f00000, 0x0000000088f00000| Untracked 
|  56|0x0000000089000000, 0x0000000089000000, 0x0000000089100000|  0%| F|  |TAMS 0x0000000089000000, 0x0000000089000000| Untracked 
|  57|0x0000000089100000, 0x0000000089100000, 0x0000000089200000|  0%| F|  |TAMS 0x0000000089100000, 0x0000000089100000| Untracked 
|  58|0x0000000089200000, 0x0000000089200000, 0x0000000089300000|  0%| F|  |TAMS 0x0000000089200000, 0x0000000089200000| Untracked 
|  59|0x0000000089300000, 0x0000000089300000, 0x0000000089400000|  0%| F|  |TAMS 0x0000000089300000, 0x0000000089300000| Untracked 
|  60|0x0000000089400000, 0x0000000089400000, 0x0000000089500000|  0%| F|  |TAMS 0x0000000089400000, 0x0000000089400000| Untracked 
|  61|0x0000000089500000, 0x0000000089500000, 0x0000000089600000|  0%| F|  |TAMS 0x0000000089500000, 0x0000000089500000| Untracked 
|  62|0x0000000089600000, 0x0000000089600000, 0x0000000089700000|  0%| F|  |TAMS 0x0000000089600000, 0x0000000089600000| Untracked 
|  63|0x0000000089700000, 0x0000000089700000, 0x0000000089800000|  0%| F|  |TAMS 0x0000000089700000, 0x0000000089700000| Untracked 
|  64|0x0000000089800000, 0x0000000089800000, 0x0000000089900000|  0%| F|  |TAMS 0x0000000089800000, 0x0000000089800000| Untracked 
|  65|0x0000000089900000, 0x0000000089900000, 0x0000000089a00000|  0%| F|  |TAMS 0x0000000089900000, 0x0000000089900000| Untracked 
|  66|0x0000000089a00000, 0x0000000089a00000, 0x0000000089b00000|  0%| F|  |TAMS 0x0000000089a00000, 0x0000000089a00000| Untracked 
|  67|0x0000000089b00000, 0x0000000089b00000, 0x0000000089c00000|  0%| F|  |TAMS 0x0000000089b00000, 0x0000000089b00000| Untracked 
|  68|0x0000000089c00000, 0x0000000089c00000, 0x0000000089d00000|  0%| F|  |TAMS 0x0000000089c00000, 0x0000000089c00000| Untracked 
|  69|0x0000000089d00000, 0x0000000089d00000, 0x0000000089e00000|  0%| F|  |TAMS 0x0000000089d00000, 0x0000000089d00000| Untracked 
|  70|0x0000000089e00000, 0x0000000089e00000, 0x0000000089f00000|  0%| F|  |TAMS 0x0000000089e00000, 0x0000000089e00000| Untracked 
|  71|0x0000000089f00000, 0x0000000089f00000, 0x000000008a000000|  0%| F|  |TAMS 0x0000000089f00000, 0x0000000089f00000| Untracked 
|  72|0x000000008a000000, 0x000000008a000000, 0x000000008a100000|  0%| F|  |TAMS 0x000000008a000000, 0x000000008a000000| Untracked 
|  73|0x000000008a100000, 0x000000008a100000, 0x000000008a200000|  0%| F|  |TAMS 0x000000008a100000, 0x000000008a100000| Untracked 
|  74|0x000000008a200000, 0x000000008a200000, 0x000000008a300000|  0%| F|  |TAMS 0x000000008a200000, 0x000000008a200000| Untracked 
|  75|0x000000008a300000, 0x000000008a300000, 0x000000008a400000|  0%| F|  |TAMS 0x000000008a300000, 0x000000008a300000| Untracked 
|  76|0x000000008a400000, 0x000000008a400000, 0x000000008a500000|  0%| F|  |TAMS 0x000000008a400000, 0x000000008a400000| Untracked 
|  77|0x000000008a500000, 0x000000008a500000, 0x000000008a600000|  0%| F|  |TAMS 0x000000008a500000, 0x000000008a500000| Untracked 
|  78|0x000000008a600000, 0x000000008a600000, 0x000000008a700000|  0%| F|  |TAMS 0x000000008a600000, 0x000000008a600000| Untracked 
|  79|0x000000008a700000, 0x000000008a700000, 0x000000008a800000|  0%| F|  |TAMS 0x000000008a700000, 0x000000008a700000| Untracked 
|  80|0x000000008a800000, 0x000000008a800000, 0x000000008a900000|  0%| F|  |TAMS 0x000000008a800000, 0x000000008a800000| Untracked 
|  81|0x000000008a900000, 0x000000008a900000, 0x000000008aa00000|  0%| F|  |TAMS 0x000000008a900000, 0x000000008a900000| Untracked 
|  82|0x000000008aa00000, 0x000000008aa00000, 0x000000008ab00000|  0%| F|  |TAMS 0x000000008aa00000, 0x000000008aa00000| Untracked 
|  83|0x000000008ab00000, 0x000000008ab00000, 0x000000008ac00000|  0%| F|  |TAMS 0x000000008ab00000, 0x000000008ab00000| Untracked 
|  84|0x000000008ac00000, 0x000000008ac00000, 0x000000008ad00000|  0%| F|  |TAMS 0x000000008ac00000, 0x000000008ac00000| Untracked 
|  85|0x000000008ad00000, 0x000000008ad00000, 0x000000008ae00000|  0%| F|  |TAMS 0x000000008ad00000, 0x000000008ad00000| Untracked 
|  86|0x000000008ae00000, 0x000000008ae00000, 0x000000008af00000|  0%| F|  |TAMS 0x000000008ae00000, 0x000000008ae00000| Untracked 
|  87|0x000000008af00000, 0x000000008af00000, 0x000000008b000000|  0%| F|  |TAMS 0x000000008af00000, 0x000000008af00000| Untracked 
|  88|0x000000008b000000, 0x000000008b000000, 0x000000008b100000|  0%| F|  |TAMS 0x000000008b000000, 0x000000008b000000| Untracked 
|  89|0x000000008b100000, 0x000000008b100000, 0x000000008b200000|  0%| F|  |TAMS 0x000000008b100000, 0x000000008b100000| Untracked 
|  90|0x000000008b200000, 0x000000008b200000, 0x000000008b300000|  0%| F|  |TAMS 0x000000008b200000, 0x000000008b200000| Untracked 
|  91|0x000000008b300000, 0x000000008b300000, 0x000000008b400000|  0%| F|  |TAMS 0x000000008b300000, 0x000000008b300000| Untracked 
|  92|0x000000008b400000, 0x000000008b400000, 0x000000008b500000|  0%| F|  |TAMS 0x000000008b400000, 0x000000008b400000| Untracked 
|  93|0x000000008b500000, 0x000000008b500000, 0x000000008b600000|  0%| F|  |TAMS 0x000000008b500000, 0x000000008b500000| Untracked 
|  94|0x000000008b600000, 0x000000008b600000, 0x000000008b700000|  0%| F|  |TAMS 0x000000008b600000, 0x000000008b600000| Untracked 
|  95|0x000000008b700000, 0x000000008b700000, 0x000000008b800000|  0%| F|  |TAMS 0x000000008b700000, 0x000000008b700000| Untracked 
|  96|0x000000008b800000, 0x000000008b800000, 0x000000008b900000|  0%| F|  |TAMS 0x000000008b800000, 0x000000008b800000| Untracked 
|  97|0x000000008b900000, 0x000000008b900000, 0x000000008ba00000|  0%| F|  |TAMS 0x000000008b900000, 0x000000008b900000| Untracked 
|  98|0x000000008ba00000, 0x000000008ba00000, 0x000000008bb00000|  0%| F|  |TAMS 0x000000008ba00000, 0x000000008ba00000| Untracked 
|  99|0x000000008bb00000, 0x000000008bb00000, 0x000000008bc00000|  0%| F|  |TAMS 0x000000008bb00000, 0x000000008bb00000| Untracked 
| 100|0x000000008bc00000, 0x000000008bc00000, 0x000000008bd00000|  0%| F|  |TAMS 0x000000008bc00000, 0x000000008bc00000| Untracked 
| 101|0x000000008bd00000, 0x000000008bd00000, 0x000000008be00000|  0%| F|  |TAMS 0x000000008bd00000, 0x000000008bd00000| Untracked 
| 102|0x000000008be00000, 0x000000008be00000, 0x000000008bf00000|  0%| F|  |TAMS 0x000000008be00000, 0x000000008be00000| Untracked 
| 103|0x000000008bf00000, 0x000000008bf00000, 0x000000008c000000|  0%| F|  |TAMS 0x000000008bf00000, 0x000000008bf00000| Untracked 
| 104|0x000000008c000000, 0x000000008c000000, 0x000000008c100000|  0%| F|  |TAMS 0x000000008c000000, 0x000000008c000000| Untracked 
| 105|0x000000008c100000, 0x000000008c100000, 0x000000008c200000|  0%| F|  |TAMS 0x000000008c100000, 0x000000008c100000| Untracked 
| 106|0x000000008c200000, 0x000000008c200000, 0x000000008c300000|  0%| F|  |TAMS 0x000000008c200000, 0x000000008c200000| Untracked 
| 107|0x000000008c300000, 0x000000008c300000, 0x000000008c400000|  0%| F|  |TAMS 0x000000008c300000, 0x000000008c300000| Untracked 
| 108|0x000000008c400000, 0x000000008c400000, 0x000000008c500000|  0%| F|  |TAMS 0x000000008c400000, 0x000000008c400000| Untracked 
| 109|0x000000008c500000, 0x000000008c500000, 0x000000008c600000|  0%| F|  |TAMS 0x000000008c500000, 0x000000008c500000| Untracked 
| 110|0x000000008c600000, 0x000000008c600000, 0x000000008c700000|  0%| F|  |TAMS 0x000000008c600000, 0x000000008c600000| Untracked 
| 111|0x000000008c700000, 0x000000008c700000, 0x000000008c800000|  0%| F|  |TAMS 0x000000008c700000, 0x000000008c700000| Untracked 
| 112|0x000000008c800000, 0x000000008c800000, 0x000000008c900000|  0%| F|  |TAMS 0x000000008c800000, 0x000000008c800000| Untracked 
| 113|0x000000008c900000, 0x000000008c900000, 0x000000008ca00000|  0%| F|  |TAMS 0x000000008c900000, 0x000000008c900000| Untracked 
| 114|0x000000008ca00000, 0x000000008ca00000, 0x000000008cb00000|  0%| F|  |TAMS 0x000000008ca00000, 0x000000008ca00000| Untracked 
| 115|0x000000008cb00000, 0x000000008cb00000, 0x000000008cc00000|  0%| F|  |TAMS 0x000000008cb00000, 0x000000008cb00000| Untracked 
| 116|0x000000008cc00000, 0x000000008cc00000, 0x000000008cd00000|  0%| F|  |TAMS 0x000000008cc00000, 0x000000008cc00000| Untracked 
| 117|0x000000008cd00000, 0x000000008cd00000, 0x000000008ce00000|  0%| F|  |TAMS 0x000000008cd00000, 0x000000008cd00000| Untracked 
| 118|0x000000008ce00000, 0x000000008ce00000, 0x000000008cf00000|  0%| F|  |TAMS 0x000000008ce00000, 0x000000008ce00000| Untracked 
| 119|0x000000008cf00000, 0x000000008cf00000, 0x000000008d000000|  0%| F|  |TAMS 0x000000008cf00000, 0x000000008cf00000| Untracked 
| 120|0x000000008d000000, 0x000000008d000000, 0x000000008d100000|  0%| F|  |TAMS 0x000000008d000000, 0x000000008d000000| Untracked 
| 121|0x000000008d100000, 0x000000008d100000, 0x000000008d200000|  0%| F|  |TAMS 0x000000008d100000, 0x000000008d100000| Untracked 
| 122|0x000000008d200000, 0x000000008d200000, 0x000000008d300000|  0%| F|  |TAMS 0x000000008d200000, 0x000000008d200000| Untracked 
| 123|0x000000008d300000, 0x000000008d400000, 0x000000008d400000|100%| E|  |TAMS 0x000000008d300000, 0x000000008d300000| Complete 

Card table byte_map: [0x000001fd975b0000,0x000001fd97990000] _byte_map_base: 0x000001fd97184000

Marking Bits (Prev, Next): (CMBitMap*) 0x000001fdffeb03a0, (CMBitMap*) 0x000001fdffeb03e0
 Prev Bits: [0x000001fd97d70000, 0x000001fd99c10000)
 Next Bits: [0x000001fd99c10000, 0x000001fd9bab0000)

Polling page: 0x000001fdfdc90000

Metaspace:

Usage:
  Non-class:      3.44 MB used.
      Class:    280.65 KB used.
       Both:      3.71 MB used.

Virtual space:
  Non-class space:       64.00 MB reserved,       3.44 MB (  5%) committed,  1 nodes.
      Class space:        1.00 GB reserved,     320.00 KB ( <1%) committed,  1 nodes.
             Both:        1.06 GB reserved,       3.75 MB ( <1%) committed. 

Chunk freelists:
   Non-Class:  0 bytes
       Class:  3.62 MB
        Both:  3.62 MB

MaxMetaspaceSize: unlimited
CompressedClassSpaceSize: 1.00 GB
Initial GC threshold: 21.00 MB
Current GC threshold: 21.00 MB
CDS: off
MetaspaceReclaimPolicy: balanced
 - commit_granule_bytes: 65536.
 - commit_granule_words: 8192.
 - virtual_space_node_default_size: 8388608.
 - enlarge_chunks_in_place: 1.
 - new_chunks_are_fully_committed: 0.
 - uncommit_free_chunks: 1.
 - use_allocation_guard: 0.


Internal statistics:

num_allocs_failed_limit: 0.
num_arena_births: 2.
num_arena_deaths: 0.
num_vsnodes_births: 2.
num_vsnodes_deaths: 0.
num_space_committed: 60.
num_space_uncommitted: 0.
num_chunks_returned_to_freelist: 0.
num_chunks_taken_from_freelist: 4.
num_chunk_merges: 0.
num_chunk_splits: 1.
num_chunks_enlarged: 0.
num_inconsistent_stats: 0.

CodeHeap 'non-profiled nmethods': size=120000Kb used=3Kb max_used=3Kb free=119996Kb
 bounds [0x000001fd8f970000, 0x000001fd8fbe0000, 0x000001fd96ea0000]
CodeHeap 'profiled nmethods': size=120000Kb used=31Kb max_used=31Kb free=119968Kb
 bounds [0x000001fd87ea0000, 0x000001fd88110000, 0x000001fd8f3d0000]
CodeHeap 'non-nmethods': size=5760Kb used=1133Kb max_used=1147Kb free=4626Kb
 bounds [0x000001fd8f3d0000, 0x000001fd8f640000, 0x000001fd8f970000]
 total_blobs=317 nmethods=26 adapters=202
 compilation: enabled
              stopped_count=0, restarted_count=0
 full_count=0

Compilation events (20 events):
Event: 0.083 Thread 0x000001fda2894940 nmethod 18 0x000001fd87ea4e90 code [0x000001fd87ea5040, 0x000001fd87ea5228]
Event: 0.083 Thread 0x000001fda2894940   19       3       java.util.ImmutableCollections$AbstractImmutableSet::<init> (5 bytes)
Event: 0.083 Thread 0x000001fda2894940 nmethod 19 0x000001fd87ea5310 code [0x000001fd87ea54c0, 0x000001fd87ea56d8]
Event: 0.083 Thread 0x000001fda2894940   20       3       java.lang.module.ModuleDescriptor::modsHashCode (46 bytes)
Event: 0.083 Thread 0x000001fda2894940 nmethod 20 0x000001fd87ea5810 code [0x000001fd87ea5a20, 0x000001fd87ea6018]
Event: 0.083 Thread 0x000001fda2894940   21       3       java.util.Set::of (68 bytes)
Event: 0.084 Thread 0x000001fda2894940 nmethod 21 0x000001fd87ea6210 code [0x000001fd87ea6440, 0x000001fd87ea6c48]
Event: 0.085 Thread 0x000001fda288df90 nmethod 13 0x000001fd8f970010 code [0x000001fd8f9701a0, 0x000001fd8f970318]
Event: 0.085 Thread 0x000001fda288df90   14       4       java.lang.Object::<init> (1 bytes)
Event: 0.085 Thread 0x000001fda288df90 nmethod 14 0x000001fd8f970410 code [0x000001fd8f970580, 0x000001fd8f9705f8]
Event: 0.085 Thread 0x000001fda2894940   22       3       java.lang.String::coder (15 bytes)
Event: 0.085 Thread 0x000001fda2894940 nmethod 22 0x000001fd87ea6f10 code [0x000001fd87ea70a0, 0x000001fd87ea71d8]
Event: 0.085 Thread 0x000001fda2894940   23       3       java.lang.String::length (11 bytes)
Event: 0.085 Thread 0x000001fda2894940 nmethod 23 0x000001fd87ea7290 code [0x000001fd87ea7440, 0x000001fd87ea75d8]
Event: 0.085 Thread 0x000001fda2894940   24       1       java.lang.module.ModuleDescriptor::name (5 bytes)
Event: 0.085 Thread 0x000001fda2894940 nmethod 24 0x000001fd8f970710 code [0x000001fd8f9708a0, 0x000001fd8f970958]
Event: 0.086 Thread 0x000001fda2894940   26       3       java.net.URI::hash (33 bytes)
Event: 0.086 Thread 0x000001fda2894940 nmethod 26 0x000001fd87ea7690 code [0x000001fd87ea78a0, 0x000001fd87ea7d38]
Event: 0.086 Thread 0x000001fda2894940   25       1       java.lang.module.ModuleReference::descriptor (5 bytes)
Event: 0.086 Thread 0x000001fda2894940 nmethod 25 0x000001fd8f970a10 code [0x000001fd8f970ba0, 0x000001fd8f970c58]

GC Heap History (0 events):
No events

Dll operation events (2 events):
Event: 0.006 Loaded shared library C:\Program Files\Java\jdk-19\bin\java.dll
Event: 0.038 Loaded shared library C:\Program Files\Java\jdk-19\bin\jsvml.dll

Deoptimization events (0 events):
No events

Classes loaded (20 events):
Event: 0.085 Loading class jdk/internal/module/SystemModuleFinders$2 done
Event: 0.085 Loading class jdk/internal/module/ModuleReferenceImpl
Event: 0.085 Loading class jdk/internal/module/ModuleReferenceImpl done
Event: 0.085 Loading class jdk/internal/module/SystemModuleFinders$3
Event: 0.085 Loading class jdk/internal/module/ModuleHashes$HashSupplier
Event: 0.085 Loading class jdk/internal/module/ModuleHashes$HashSupplier done
Event: 0.085 Loading class jdk/internal/module/SystemModuleFinders$3 done
Event: 0.085 Loading class jdk/internal/module/SystemModuleFinders$SystemModuleFinder
Event: 0.085 Loading class jdk/internal/module/SystemModuleFinders$SystemModuleFinder done
Event: 0.086 Loading class jdk/internal/loader/BootLoader
Event: 0.086 Loading class jdk/internal/loader/BootLoader done
Event: 0.086 Loading class jdk/internal/loader/NativeLibraries
Event: 0.086 Loading class jdk/internal/loader/NativeLibraries done
Event: 0.086 Loading class jdk/internal/loader/ClassLoaderHelper
Event: 0.086 Loading class jdk/internal/loader/ClassLoaderHelper done
Event: 0.086 Loading class java/util/concurrent/ConcurrentHashMap$KeySetView
Event: 0.087 Loading class java/util/concurrent/ConcurrentHashMap$CollectionView
Event: 0.087 Loading class java/util/concurrent/ConcurrentHashMap$CollectionView done
Event: 0.087 Loading class java/util/concurrent/ConcurrentHashMap$KeySetView done
Event: 0.087 Loading class jdk/internal/loader/ArchivedClassLoaders

Classes unloaded (0 events):
No events

Classes redefined (0 events):
No events

Internal exceptions (0 events):
No events

VM Operations (0 events):
No events

Events (10 events):
Event: 0.039 Thread 0x000001fdffe50c60 Thread added: 0x000001fdffe50c60
Event: 0.066 Thread 0x000001fda2845550 Thread added: 0x000001fda2845550
Event: 0.066 Thread 0x000001fda2845d50 Thread added: 0x000001fda2845d50
Event: 0.068 Thread 0x000001fda285b2f0 Thread added: 0x000001fda285b2f0
Event: 0.068 Thread 0x000001fda285c840 Thread added: 0x000001fda285c840
Event: 0.068 Thread 0x000001fda285d520 Thread added: 0x000001fda285d520
Event: 0.068 Thread 0x000001fda2862210 Thread added: 0x000001fda2862210
Event: 0.068 Thread 0x000001fda288df90 Thread added: 0x000001fda288df90
Event: 0.068 Thread 0x000001fda2894940 Thread added: 0x000001fda2894940
Event: 0.068 Thread 0x000001fda2896ed0 Thread added: 0x000001fda2896ed0


Dynamic libraries:
0x00007ff7f5df0000 - 0x00007ff7f5e00000 	C:\Program Files\Java\jdk-19\bin\java.exe
0x00007ff9f9130000 - 0x00007ff9f9328000 	C:\windows\SYSTEM32\ntdll.dll
0x00007ff9f8ea0000 - 0x00007ff9f8f5d000 	C:\windows\System32\KERNEL32.DLL
0x00007ff9f69c0000 - 0x00007ff9f6cb6000 	C:\windows\System32\KERNELBASE.dll
0x00007ff9f6f00000 - 0x00007ff9f7000000 	C:\windows\System32\ucrtbase.dll
0x00007ff9dfbb0000 - 0x00007ff9dfbc8000 	C:\Program Files\Java\jdk-19\bin\jli.dll
0x00007ff9e69a0000 - 0x00007ff9e69bb000 	C:\Program Files\Java\jdk-19\bin\VCRUNTIME140.dll
0x00007ff9f8210000 - 0x00007ff9f82c0000 	C:\windows\System32\ADVAPI32.dll
0x00007ff9f82c0000 - 0x00007ff9f835e000 	C:\windows\System32\msvcrt.dll
0x00007ff9f8750000 - 0x00007ff9f87f0000 	C:\windows\System32\sechost.dll
0x00007ff9f8f60000 - 0x00007ff9f9083000 	C:\windows\System32\RPCRT4.dll
0x00007ff9f6e30000 - 0x00007ff9f6e57000 	C:\windows\System32\bcrypt.dll
0x00007ff9f71c0000 - 0x00007ff9f735f000 	C:\windows\System32\USER32.dll
0x00007ff9f6990000 - 0x00007ff9f69b2000 	C:\windows\System32\win32u.dll
0x00007ff9f7f50000 - 0x00007ff9f7f7b000 	C:\windows\System32\GDI32.dll
0x00007ff9db6d0000 - 0x00007ff9db96a000 	C:\windows\WinSxS\amd64_microsoft.windows.common-controls_6595b64144ccf1df_6.0.19041.4355_none_60b8b9eb71f62e16\COMCTL32.dll
0x00007ff9f6870000 - 0x00007ff9f6987000 	C:\windows\System32\gdi32full.dll
0x00007ff9f6e60000 - 0x00007ff9f6efd000 	C:\windows\System32\msvcp_win.dll
0x00007ff9ebb10000 - 0x00007ff9ebb1a000 	C:\windows\SYSTEM32\VERSION.dll
0x00007ff9f8000000 - 0x00007ff9f8032000 	C:\windows\System32\IMM32.DLL
0x00007ff9e6b60000 - 0x00007ff9e6b6c000 	C:\Program Files\Java\jdk-19\bin\vcruntime140_1.dll
0x00007ff9df880000 - 0x00007ff9df90e000 	C:\Program Files\Java\jdk-19\bin\msvcp140.dll
0x00007ff9a1840000 - 0x00007ff9a2500000 	C:\Program Files\Java\jdk-19\bin\server\jvm.dll
0x00007ff9ec9b0000 - 0x00007ff9ec9b9000 	C:\windows\SYSTEM32\WSOCK32.dll
0x00007ff9dbb50000 - 0x00007ff9dbb77000 	C:\windows\SYSTEM32\WINMM.dll
0x00007ff9f8560000 - 0x00007ff9f85cb000 	C:\windows\System32\WS2_32.dll
0x00007ff9f4fe0000 - 0x00007ff9f4ff2000 	C:\windows\SYSTEM32\kernel.appcore.dll
0x00007ff9e6b10000 - 0x00007ff9e6b1a000 	C:\Program Files\Java\jdk-19\bin\jimage.dll
0x00007ff9f4540000 - 0x00007ff9f4724000 	C:\windows\SYSTEM32\DBGHELP.DLL
0x00007ff9e4ea0000 - 0x00007ff9e4ed4000 	C:\windows\SYSTEM32\dbgcore.DLL
0x00007ff9f67e0000 - 0x00007ff9f6862000 	C:\windows\System32\bcryptPrimitives.dll
0x00007ff9e0300000 - 0x00007ff9e0326000 	C:\Program Files\Java\jdk-19\bin\java.dll
0x00007ff9ca6a0000 - 0x00007ff9ca777000 	C:\Program Files\Java\jdk-19\bin\jsvml.dll
0x00007ff9f7360000 - 0x00007ff9f7acb000 	C:\windows\System32\SHELL32.dll
0x00007ff9f4840000 - 0x00007ff9f4fdd000 	C:\windows\SYSTEM32\windows.storage.dll
0x00007ff9f7bf0000 - 0x00007ff9f7f43000 	C:\windows\System32\combase.dll
0x00007ff9f6200000 - 0x00007ff9f622e000 	C:\windows\SYSTEM32\Wldp.dll
0x00007ff9f8dd0000 - 0x00007ff9f8e9d000 	C:\windows\System32\OLEAUT32.dll
0x00007ff9f8690000 - 0x00007ff9f873d000 	C:\windows\System32\SHCORE.dll
0x00007ff9f8360000 - 0x00007ff9f83b5000 	C:\windows\System32\shlwapi.dll
0x00007ff9f6710000 - 0x00007ff9f6734000 	C:\windows\SYSTEM32\profapi.dll

dbghelp: loaded successfully - version: 4.0.5 - missing functions: none
symbol engine: initialized successfully - sym options: 0x614 - pdb path: .;C:\Program Files\Java\jdk-19\bin;C:\windows\SYSTEM32;C:\windows\WinSxS\amd64_microsoft.windows.common-controls_6595b64144ccf1df_6.0.19041.4355_none_60b8b9eb71f62e16;C:\Program Files\Java\jdk-19\bin\server

VM Arguments:
jvm_args: -Dfile.encoding=UTF-8 --module-path=C:\Users\SATYAM KUMAR\AirlinesManagementSystem\build\classes 
java_command: airlinesmanagementsystem.BookFlight
java_class_path (initial): C:\Users\SATYAM KUMAR\mysql-connector-java-8.0.28.jar;C:\Users\SATYAM KUMAR\rs2xml.jar;C:\Users\SATYAM KUMAR\jcalendar-tz-1.3.3-4.jar;C:\Users\SATYAM KUMAR\AirlinesManagementSystem\build\classes
Launcher Type: SUN_STANDARD

[Global flags]
     intx CICompilerCount                          = 4                                         {product} {ergonomic}
     uint ConcGCThreads                            = 2                                         {product} {ergonomic}
     uint G1ConcRefinementThreads                  = 8                                         {product} {ergonomic}
   size_t G1HeapRegionSize                         = 1048576                                   {product} {ergonomic}
    uintx GCDrainStackTargetSize                   = 64                                        {product} {ergonomic}
   size_t InitialHeapSize                          = 130023424                                 {product} {ergonomic}
   size_t MarkStackSize                            = 4194304                                   {product} {ergonomic}
   size_t MaxHeapSize                              = 2055208960                                {product} {ergonomic}
   size_t MaxNewSize                               = 1233125376                                {product} {ergonomic}
   size_t MinHeapDeltaBytes                        = 1048576                                   {product} {ergonomic}
   size_t MinHeapSize                              = 8388608                                   {product} {ergonomic}
    uintx NonNMethodCodeHeapSize                   = 5839372                                {pd product} {ergonomic}
    uintx NonProfiledCodeHeapSize                  = 122909434                              {pd product} {ergonomic}
    uintx ProfiledCodeHeapSize                     = 122909434                              {pd product} {ergonomic}
    uintx ReservedCodeCacheSize                    = 251658240                              {pd product} {ergonomic}
     bool SegmentedCodeCache                       = true                                      {product} {ergonomic}
   size_t SoftMaxHeapSize                          = 2055208960                             {manageable} {ergonomic}
     bool UseCompressedClassPointers               = true                           {product lp64_product} {ergonomic}
     bool UseCompressedOops                        = true                           {product lp64_product} {ergonomic}
     bool UseG1GC                                  = true                                      {product} {ergonomic}
     bool UseLargePagesIndividualAllocation        = false                                  {pd product} {ergonomic}

Logging:
Log output configuration:
 #0: stdout all=warning uptime,level,tags foldmultilines=false
 #1: stderr all=off uptime,level,tags foldmultilines=false

Environment Variables:
PATH=C:\Program Files\Common Files\Oracle\Java\javapath;C:\windows\system32;C:\windows;C:\windows\System32\Wbem;C:\windows\System32\WindowsPowerShell\v1.0\;C:\windows\System32\OpenSSH\;C:\Program Files\dotnet\;C:\Program Files\Microsoft SQL Server\130\Tools\Binn\;C:\Program Files\Microsoft SQL Server\Client SDK\ODBC\170\Tools\Binn\;C:\Program Files (x86)\Microsoft SQL Server\150\DTS\Binn\;C:\Program Files\Azure Data Studio\bin;C:\MinGW\bin;C:\Program Files\nodejs\;C:\Program Files\Java\jdk-19\bin;C:\Program Files\Git\cmd;C:\Program Files\MySQL\MySQL Shell 8.0\bin\;C:\Users\SATYAM KUMAR\AppData\Local\Microsoft\WindowsApps;C:\Users\SATYAM KUMAR\.dotnet\tools;C:\Program Files\Azure Data Studio\bin;C:\MinGW\bin;C:\Users\SATYAM KUMAR\AppData\Local\Programs\Microsoft VS Code\bin;C:\Users\SATYAM KUMAR\AppData\Roaming\npm;C:\ProgramData\SATYAM KUMAR\GitHubDesktop\bin;C:\Users\SATYAM KUMAR\AppData\Local\GitHubDesktop\bin
USERNAME=SATYAM KUMAR
OS=Windows_NT
PROCESSOR_IDENTIFIER=Intel64 Family 6 Model 140 Stepping 1, GenuineIntel
TMP=C:\Users\SATYAM~1\AppData\Local\Temp
TEMP=C:\Users\SATYAM~1\AppData\Local\Temp



---------------  S Y S T E M  ---------------

OS:
 Windows 10 , 64 bit Build 19041 (10.0.19041.3636)
OS uptime: 1 days 13:51 hours

CPU: total 8 (initial active 8) (4 cores per cpu, 2 threads per core) family 6 model 140 stepping 1 microcode 0x8a, cx8, cmov, fxsr, ht, mmx, 3dnowpref, sse, sse2, sse3, ssse3, sse4.1, sse4.2, popcnt, lzcnt, tsc, tscinvbit, avx, avx2, aes, erms, clmul, bmi1, bmi2, adx, avx512f, avx512dq, avx512cd, avx512bw, avx512vl, sha, fma, vzeroupper, avx512_vpopcntdq, avx512_vpclmulqdq, avx512_vaes, avx512_vnni, clflush, clflushopt, clwb, avx512_vbmi2, avx512_vbmi, rdtscp, rdpid, fsrm, gfni, avx512_bitalg

Memory: 4k page, system-wide physical 7834M (538M free)
TotalPageFile size 31386M (AvailPageFile size 2M)
current process WorkingSet (physical memory assigned to process): 26M, peak: 26M
current process commit charge ("private bytes"): 197M, peak: 202M

vm_info: Java HotSpot(TM) 64-Bit Server VM (19.0.1+10-21) for windows-amd64 JRE (19.0.1+10-21), built on 2022-09-14T12:45:06Z by "mach5one" with MS VC++ 17.1 (VS2022)

END.
