#
# There is insufficient memory for the Java Runtime Environment to continue.
# Native memory allocation (mmap) failed to map 130023424 bytes for G1 virtual space
# Possible reasons:
#   The system is out of physical RAM or swap space
#   The process is running with CompressedOops enabled, and the Java Heap may be blocking the growth of the native heap
# Possible solutions:
#   Reduce memory load on the system
#   Increase physical memory or swap space
#   Check if swap backing store is full
#   Decrease Java heap size (-Xmx/-Xms)
#   Decrease number of Java threads
#   Decrease Java thread stack sizes (-Xss)
#   Set larger code cache with -XX:ReservedCodeCacheSize=
#   JVM is running with Unscaled Compressed Oops mode in which the Java heap is
#     placed in the first 4GB address space. The Java Heap base address is the
#     maximum limit for the native heap growth. Please use -XX:HeapBaseMinAddress
#     to set the Java Heap base and to place the Java Heap above 4GB virtual address.
# This output file may be truncated or incomplete.
#
#  Out of Memory Error (os_windows.cpp:3527), pid=23000, tid=34268
#
# JRE version:  (19.0.1+10) (build )
# Java VM: Java HotSpot(TM) 64-Bit Server VM (19.0.1+10-21, mixed mode, sharing, tiered, compressed oops, compressed class ptrs, g1 gc, windows-amd64)
# No core dump will be written. Minidumps are not enabled by default on client versions of Windows
#

---------------  S U M M A R Y ------------

Command Line: -Dfile.encoding=UTF-8 --module-path=C:\Users\SATYAM KUMAR\AirlinesManagementSystem\build\classes airlinesmanagementsystem.BookFlight

Host: 11th Gen Intel(R) Core(TM) i5-1135G7 @ 2.40GHz, 8 cores, 7G,  Windows 10 , 64 bit Build 19041 (10.0.19041.3636)
Time: Sun May 19 00:49:23 2024 India Standard Time elapsed time: 0.009831 seconds (0d 0h 0m 0s)

---------------  T H R E A D  ---------------

Current thread (0x000001bc777d14f0):  JavaThread "Unknown thread" [_thread_in_vm, id=34268, stack(0x000000b668e00000,0x000000b668f00000)]

Stack: [0x000000b668e00000,0x000000b668f00000]
Native frames: (J=compiled Java code, j=interpreted, Vv=VM code, C=native code)
V  [jvm.dll+0x6ee8fa]
V  [jvm.dll+0x857a1e]
V  [jvm.dll+0x85940e]
V  [jvm.dll+0x859ac3]
V  [jvm.dll+0x28291f]
V  [jvm.dll+0x6eb6e9]
V  [jvm.dll+0x6e028a]
V  [jvm.dll+0x357136]
V  [jvm.dll+0x35eb96]
V  [jvm.dll+0x3b555e]
V  [jvm.dll+0x3b578f]
V  [jvm.dll+0x32c6ea]
V  [jvm.dll+0x32d59e]
V  [jvm.dll+0x821b20]
V  [jvm.dll+0x3c27c1]
V  [jvm.dll+0x8022f1]
V  [jvm.dll+0x44b30f]
V  [jvm.dll+0x44cc91]
C  [jli.dll+0x5287]
C  [ucrtbase.dll+0x21bb2]
C  [KERNEL32.DLL+0x17344]
C  [ntdll.dll+0x526b1]


---------------  P R O C E S S  ---------------

Threads class SMR info:
_java_thread_list=0x00007ff9a23bd048, length=0, elements={
}

Java Threads: ( => current thread )

Other Threads:
  0x000001bc7782f6d0 WorkerThread "GC Thread#0" [stack: 0x000000b668f00000,0x000000b669000000] [id=2052]
  0x000001bc7783fa40 ConcurrentGCThread "G1 Main Marker" [stack: 0x000000b669000000,0x000000b669100000] [id=28728]
  0x000001bc77840380 WorkerThread "G1 Conc#0" [stack: 0x000000b669100000,0x000000b669200000] [id=25280]

[error occurred during error reporting (printing all threads), id 0xc0000005, EXCEPTION_ACCESS_VIOLATION (0xc0000005) at pc=0x00007ff9a1b7d127]

VM state: not at safepoint (not fully initialized)

VM Mutex/Monitor currently owned by a thread:  ([mutex/lock_event])
[0x000001bc777cb8d0] Heap_lock - owner thread: 0x000001bc777d14f0

Heap address: 0x0000000085800000, size: 1960 MB, Compressed Oops mode: 32-bit

CDS archive(s) mapped at: [0x0000000000000000-0x0000000000000000-0x0000000000000000), size 0, SharedBaseAddress: 0x0000000800000000, ArchiveRelocationMode: 0.
Narrow klass base: 0x0000000000000000, Narrow klass shift: 0, Narrow klass range: 0x0

GC Precious Log:
 CardTable entry size: 512
 Card Set container configuration: InlinePtr #cards 5 size 8 Array Of Cards #cards 12 size 40 Howl #buckets 4 coarsen threshold 1843 Howl Bitmap #cards 512 size 80 coarsen threshold 460 Card regions per heap region 1 cards per card region 2048

Heap:
 garbage-first heap   total 0K, used 0K [0x0000000085800000, 0x0000000100000000)
  region size 1024K, 0 young (0K), 0 survivors (0K)

[error occurred during error reporting (printing heap information), id 0xc0000005, EXCEPTION_ACCESS_VIOLATION (0xc0000005) at pc=0x00007ff9a1f86959]

GC Heap History (0 events):
No events

Dll operation events (1 events):
Event: 0.007 Loaded shared library C:\Program Files\Java\jdk-19\bin\java.dll

Deoptimization events (0 events):
No events

Classes loaded (0 events):
No events

Classes unloaded (0 events):
No events

Classes redefined (0 events):
No events

Internal exceptions (0 events):
No events

VM Operations (0 events):
No events

Events (0 events):
No events


Dynamic libraries:
0x00007ff7f5df0000 - 0x00007ff7f5e00000 	C:\Program Files\Java\jdk-19\bin\java.exe
0x00007ff9f9130000 - 0x00007ff9f9328000 	C:\windows\SYSTEM32\ntdll.dll
0x00007ff9f8ea0000 - 0x00007ff9f8f5d000 	C:\windows\System32\KERNEL32.DLL
0x00007ff9f69c0000 - 0x00007ff9f6cb6000 	C:\windows\System32\KERNELBASE.dll
0x00007ff9f6f00000 - 0x00007ff9f7000000 	C:\windows\System32\ucrtbase.dll
0x00007ff9e69a0000 - 0x00007ff9e69bb000 	C:\Program Files\Java\jdk-19\bin\VCRUNTIME140.dll
0x00007ff9dfbb0000 - 0x00007ff9dfbc8000 	C:\Program Files\Java\jdk-19\bin\jli.dll
0x00007ff9f8210000 - 0x00007ff9f82c0000 	C:\windows\System32\ADVAPI32.dll
0x00007ff9f82c0000 - 0x00007ff9f835e000 	C:\windows\System32\msvcrt.dll
0x00007ff9f8750000 - 0x00007ff9f87f0000 	C:\windows\System32\sechost.dll
0x00007ff9f8f60000 - 0x00007ff9f9083000 	C:\windows\System32\RPCRT4.dll
0x00007ff9f6e30000 - 0x00007ff9f6e57000 	C:\windows\System32\bcrypt.dll
0x00007ff9f71c0000 - 0x00007ff9f735f000 	C:\windows\System32\USER32.dll
0x00007ff9f6990000 - 0x00007ff9f69b2000 	C:\windows\System32\win32u.dll
0x00007ff9f7f50000 - 0x00007ff9f7f7b000 	C:\windows\System32\GDI32.dll
0x00007ff9db6d0000 - 0x00007ff9db96a000 	C:\windows\WinSxS\amd64_microsoft.windows.common-controls_6595b64144ccf1df_6.0.19041.4355_none_60b8b9eb71f62e16\COMCTL32.dll
0x00007ff9f6870000 - 0x00007ff9f6987000 	C:\windows\System32\gdi32full.dll
0x00007ff9f6e60000 - 0x00007ff9f6efd000 	C:\windows\System32\msvcp_win.dll
0x00007ff9ebb10000 - 0x00007ff9ebb1a000 	C:\windows\SYSTEM32\VERSION.dll
0x00007ff9f8000000 - 0x00007ff9f8032000 	C:\windows\System32\IMM32.DLL
0x00007ff9e6b60000 - 0x00007ff9e6b6c000 	C:\Program Files\Java\jdk-19\bin\vcruntime140_1.dll
0x00007ff9df880000 - 0x00007ff9df90e000 	C:\Program Files\Java\jdk-19\bin\msvcp140.dll
0x00007ff9a1840000 - 0x00007ff9a2500000 	C:\Program Files\Java\jdk-19\bin\server\jvm.dll
0x00007ff9dbb50000 - 0x00007ff9dbb77000 	C:\windows\SYSTEM32\WINMM.dll
0x00007ff9ec9b0000 - 0x00007ff9ec9b9000 	C:\windows\SYSTEM32\WSOCK32.dll
0x00007ff9f8560000 - 0x00007ff9f85cb000 	C:\windows\System32\WS2_32.dll
0x00007ff9f4fe0000 - 0x00007ff9f4ff2000 	C:\windows\SYSTEM32\kernel.appcore.dll
0x00007ff9e6b10000 - 0x00007ff9e6b1a000 	C:\Program Files\Java\jdk-19\bin\jimage.dll
0x00007ff9f4540000 - 0x00007ff9f4724000 	C:\windows\SYSTEM32\DBGHELP.DLL
0x00007ff9e4ea0000 - 0x00007ff9e4ed4000 	C:\windows\SYSTEM32\dbgcore.DLL
0x00007ff9f67e0000 - 0x00007ff9f6862000 	C:\windows\System32\bcryptPrimitives.dll
0x00007ff9e0300000 - 0x00007ff9e0326000 	C:\Program Files\Java\jdk-19\bin\java.dll

dbghelp: loaded successfully - version: 4.0.5 - missing functions: none
symbol engine: initialized successfully - sym options: 0x614 - pdb path: .;C:\Program Files\Java\jdk-19\bin;C:\windows\SYSTEM32;C:\windows\WinSxS\amd64_microsoft.windows.common-controls_6595b64144ccf1df_6.0.19041.4355_none_60b8b9eb71f62e16;C:\Program Files\Java\jdk-19\bin\server

VM Arguments:
jvm_args: -Dfile.encoding=UTF-8 --module-path=C:\Users\SATYAM KUMAR\AirlinesManagementSystem\build\classes 
java_command: airlinesmanagementsystem.BookFlight
java_class_path (initial): C:\Users\SATYAM KUMAR\mysql-connector-java-8.0.28.jar;C:\Users\SATYAM KUMAR\rs2xml.jar;C:\Users\SATYAM KUMAR\jcalendar-tz-1.3.3-4.jar;C:\Users\SATYAM KUMAR\AirlinesManagementSystem\build\classes
Launcher Type: SUN_STANDARD

[Global flags]
     intx CICompilerCount                          = 4                                         {product} {ergonomic}
     uint ConcGCThreads                            = 2                                         {product} {ergonomic}
     uint G1ConcRefinementThreads                  = 8                                         {product} {ergonomic}
   size_t G1HeapRegionSize                         = 1048576                                   {product} {ergonomic}
    uintx GCDrainStackTargetSize                   = 64                                        {product} {ergonomic}
   size_t InitialHeapSize                          = 130023424                                 {product} {ergonomic}
   size_t MarkStackSize                            = 4194304                                   {product} {ergonomic}
   size_t MaxHeapSize                              = 2055208960                                {product} {ergonomic}
   size_t MinHeapDeltaBytes                        = 1048576                                   {product} {ergonomic}
   size_t MinHeapSize                              = 8388608                                   {product} {ergonomic}
    uintx NonNMethodCodeHeapSize                   = 5839372                                {pd product} {ergonomic}
    uintx NonProfiledCodeHeapSize                  = 122909434                              {pd product} {ergonomic}
    uintx ProfiledCodeHeapSize                     = 122909434                              {pd product} {ergonomic}
    uintx ReservedCodeCacheSize                    = 251658240                              {pd product} {ergonomic}
     bool SegmentedCodeCache                       = true                                      {product} {ergonomic}
   size_t SoftMaxHeapSize                          = 2055208960                             {manageable} {ergonomic}
     bool UseCompressedClassPointers               = true                           {product lp64_product} {ergonomic}
     bool UseCompressedOops                        = true                           {product lp64_product} {ergonomic}
     bool UseG1GC                                  = true                                      {product} {ergonomic}
     bool UseLargePagesIndividualAllocation        = false                                  {pd product} {ergonomic}

Logging:
Log output configuration:
 #0: stdout all=warning uptime,level,tags foldmultilines=false
 #1: stderr all=off uptime,level,tags foldmultilines=false

Environment Variables:
PATH=C:\Program Files\Common Files\Oracle\Java\javapath;C:\windows\system32;C:\windows;C:\windows\System32\Wbem;C:\windows\System32\WindowsPowerShell\v1.0\;C:\windows\System32\OpenSSH\;C:\Program Files\dotnet\;C:\Program Files\Microsoft SQL Server\130\Tools\Binn\;C:\Program Files\Microsoft SQL Server\Client SDK\ODBC\170\Tools\Binn\;C:\Program Files (x86)\Microsoft SQL Server\150\DTS\Binn\;C:\Program Files\Azure Data Studio\bin;C:\MinGW\bin;C:\Program Files\nodejs\;C:\Program Files\Java\jdk-19\bin;C:\Program Files\Git\cmd;C:\Program Files\MySQL\MySQL Shell 8.0\bin\;C:\Users\SATYAM KUMAR\AppData\Local\Microsoft\WindowsApps;C:\Users\SATYAM KUMAR\.dotnet\tools;C:\Program Files\Azure Data Studio\bin;C:\MinGW\bin;C:\Users\SATYAM KUMAR\AppData\Local\Programs\Microsoft VS Code\bin;C:\Users\SATYAM KUMAR\AppData\Roaming\npm;C:\ProgramData\SATYAM KUMAR\GitHubDesktop\bin;C:\Users\SATYAM KUMAR\AppData\Local\GitHubDesktop\bin
USERNAME=SATYAM KUMAR
OS=Windows_NT
PROCESSOR_IDENTIFIER=Intel64 Family 6 Model 140 Stepping 1, GenuineIntel
TMP=C:\Users\SATYAM~1\AppData\Local\Temp
TEMP=C:\Users\SATYAM~1\AppData\Local\Temp



---------------  S Y S T E M  ---------------

OS:
 Windows 10 , 64 bit Build 19041 (10.0.19041.3636)
OS uptime: 1 days 13:54 hours

CPU: total 8 (initial active 8) (4 cores per cpu, 2 threads per core) family 6 model 140 stepping 1 microcode 0x8a, cx8, cmov, fxsr, ht, mmx, 3dnowpref, sse, sse2, sse3, ssse3, sse4.1, sse4.2, popcnt, lzcnt, tsc, tscinvbit, avx, avx2, aes, erms, clmul, bmi1, bmi2, adx, avx512f, avx512dq, avx512cd, avx512bw, avx512vl, sha, fma, vzeroupper, avx512_vpopcntdq, avx512_vpclmulqdq, avx512_vaes, avx512_vnni, clflush, clflushopt, clwb, avx512_vbmi2, avx512_vbmi, rdtscp, rdpid, fsrm, gfni, avx512_bitalg

Memory: 4k page, system-wide physical 7834M (453M free)
TotalPageFile size 31386M (AvailPageFile size 42M)
current process WorkingSet (physical memory assigned to process): 10M, peak: 10M
current process commit charge ("private bytes"): 60M, peak: 184M

vm_info: Java HotSpot(TM) 64-Bit Server VM (19.0.1+10-21) for windows-amd64 JRE (19.0.1+10-21), built on 2022-09-14T12:45:06Z by "mach5one" with MS VC++ 17.1 (VS2022)

END.
